<?xml version="1.0" encoding="utf-8"?><TestRun id="c4734cfc-dd6c-46b4-9a04-b5486decf826" name="DSmith@LZ2626UDSMITH 2018-07-13 14:07:17" runUser="AA\DSmith" xmlns="http://microsoft.com/schemas/VisualStudio/TeamTest/2010"><Times creation="2018-07-13T14:07:17.6918779-05:00" queuing="2018-07-13T14:07:17.6919211-05:00" start="2018-07-13T14:07:07.1285683-05:00" finish="2018-07-13T14:08:11.8348131-05:00" /><TestSettings name="default" id="81853fe5-fd7b-4ab7-bd40-9f5a8b8c1d0f"><Deployment runDeploymentRoot="DSmith_LZ2626UDSMITH_2018-07-13_14_07_17" /></TestSettings><Results><UnitTestResult executionId="304367ee-afcd-4895-aad9-65277cbb4423" testId="39ceb399-f98d-48f2-8a40-45fddb566a5a" testName="Precipitation.Tests.DaymetUnitTests.CheckStatus" computerName="LZ2626UDSMITH" duration="00:00:01.3490000" startTime="2018-07-13T14:07:18.2442896-05:00" endTime="2018-07-13T14:07:18.2443002-05:00" testType="13cdc9d9-ddb5-4fa4-a97d-d965ccfc6d4b" outcome="Passed" testListId="8c84fa94-04c1-424b-9868-57a2d4851a1d" relativeResultsDirectory="304367ee-afcd-4895-aad9-65277cbb4423" /><UnitTestResult executionId="b6390731-5b38-42ec-b936-bc970c85bdd3" testId="d6368284-2dd8-43b6-8402-024e6881432f" testName="Precipitation.Tests.PRISMUnitTests.MonthlyAggregatedSum(date: &quot;2015-01-01 00&quot;, expected: 80.28)" computerName="LZ2626UDSMITH" duration="00:00:00.4410000" startTime="2018-07-13T14:07:17.4258864-05:00" endTime="2018-07-13T14:07:17.4258938-05:00" testType="13cdc9d9-ddb5-4fa4-a97d-d965ccfc6d4b" outcome="Passed" testListId="8c84fa94-04c1-424b-9868-57a2d4851a1d" relativeResultsDirectory="b6390731-5b38-42ec-b936-bc970c85bdd3" /><UnitTestResult executionId="e4987ba4-f651-478a-a3ff-88e98463c173" testId="74e1b19d-159b-4c59-95ff-6b6d20c16529" testName="Precipitation.Tests.PRISMUnitTests.UnitConversion(modifier: 0.5, expected: 0.02874)" computerName="LZ2626UDSMITH" duration="00:00:00.0210000" startTime="2018-07-13T14:07:17.5651721-05:00" endTime="2018-07-13T14:07:17.5651758-05:00" testType="13cdc9d9-ddb5-4fa4-a97d-d965ccfc6d4b" outcome="Passed" testListId="8c84fa94-04c1-424b-9868-57a2d4851a1d" relativeResultsDirectory="e4987ba4-f651-478a-a3ff-88e98463c173" /><UnitTestResult executionId="bcffd536-115b-42d2-a8cc-1a3596ea0061" testId="9411c458-c980-4d0c-aa0b-778dbe70d63c" testName="Precipitation.Tests.NLDASUnitTests.MonthlyAggregatedSum(date: &quot;2015-12-01 00&quot;, expected: 302)" computerName="LZ2626UDSMITH" duration="00:00:04.7580000" startTime="2018-07-13T14:07:39.3449089-05:00" endTime="2018-07-13T14:07:39.3449177-05:00" testType="13cdc9d9-ddb5-4fa4-a97d-d965ccfc6d4b" outcome="Passed" testListId="8c84fa94-04c1-424b-9868-57a2d4851a1d" relativeResultsDirectory="bcffd536-115b-42d2-a8cc-1a3596ea0061" /><UnitTestResult executionId="8a0732df-a276-4020-9515-7969a6ede88b" testId="40e74951-0f02-4e03-8397-a5130c686237" testName="Precipitation.Tests.WGENUnitTests.UnitConversion(modifier: 1, expected: 104)" computerName="LZ2626UDSMITH" duration="00:00:00.0120000" startTime="2018-07-13T14:07:17.5653430-05:00" endTime="2018-07-13T14:07:17.5653466-05:00" testType="13cdc9d9-ddb5-4fa4-a97d-d965ccfc6d4b" outcome="Passed" testListId="8c84fa94-04c1-424b-9868-57a2d4851a1d" relativeResultsDirectory="8a0732df-a276-4020-9515-7969a6ede88b" /><UnitTestResult executionId="104f026b-fbb3-4bb2-8b88-98d8c2206efc" testId="cf8d6b14-289c-4edb-a46d-8e8d14d9584d" testName="Precipitation.Tests.NLDASUnitTests.UnitConversion(modifier: 0.5, expected: 4.331E-05)" computerName="LZ2626UDSMITH" duration="00:00:02.9520000" startTime="2018-07-13T14:08:09.8992484-05:00" endTime="2018-07-13T14:08:09.8992631-05:00" testType="13cdc9d9-ddb5-4fa4-a97d-d965ccfc6d4b" outcome="Passed" testListId="8c84fa94-04c1-424b-9868-57a2d4851a1d" relativeResultsDirectory="104f026b-fbb3-4bb2-8b88-98d8c2206efc" /><UnitTestResult executionId="f10c922f-7b4a-4e57-a311-fb1d49b87ce6" testId="410baeed-e0ba-4266-87ba-d48ecb1619ce" testName="Precipitation.Tests.PRISMUnitTests.MonthlyAggregatedSum(date: &quot;2015-12-01 00&quot;, expected: 246.9)" computerName="LZ2626UDSMITH" duration="00:00:00.0180000" startTime="2018-07-13T14:07:17.4456350-05:00" endTime="2018-07-13T14:07:17.4456390-05:00" testType="13cdc9d9-ddb5-4fa4-a97d-d965ccfc6d4b" outcome="Passed" testListId="8c84fa94-04c1-424b-9868-57a2d4851a1d" relativeResultsDirectory="f10c922f-7b4a-4e57-a311-fb1d49b87ce6" /><UnitTestResult executionId="573f8561-39a6-4b77-a589-6d3422584959" testId="885f448f-3060-446e-a6f7-7a3cec016158" testName="Precipitation.Tests.NLDASUnitTests.UnitConversion(modifier: 1, expected: 8.661E-05)" computerName="LZ2626UDSMITH" duration="00:00:03.3880000" startTime="2018-07-13T14:08:06.9465381-05:00" endTime="2018-07-13T14:08:06.9465554-05:00" testType="13cdc9d9-ddb5-4fa4-a97d-d965ccfc6d4b" outcome="Passed" testListId="8c84fa94-04c1-424b-9868-57a2d4851a1d" relativeResultsDirectory="573f8561-39a6-4b77-a589-6d3422584959" /><UnitTestResult executionId="521caae3-066a-40b7-bf67-3ac5b3653ee1" testId="8a29616c-1775-47c4-9f4b-eb24cdbcbce3" testName="Precipitation.Tests.WGENUnitTests.WeeklyAggregatedSum(date: &quot;2015-01-01 00&quot;, expected: 21.89)" computerName="LZ2626UDSMITH" duration="00:00:00.0140000" startTime="2018-07-13T14:07:17.5787885-05:00" endTime="2018-07-13T14:07:17.5787921-05:00" testType="13cdc9d9-ddb5-4fa4-a97d-d965ccfc6d4b" outcome="Passed" testListId="8c84fa94-04c1-424b-9868-57a2d4851a1d" relativeResultsDirectory="521caae3-066a-40b7-bf67-3ac5b3653ee1" /><UnitTestResult executionId="395fa241-13a5-4b9a-b2b0-b3ad78eb78d9" testId="2bdbeeb7-904d-4be7-a3ce-44b29c065403" testName="Precipitation.Tests.PRISMUnitTests.WeeklyAggregatedSum(date: &quot;2015-06-04 00&quot;, expected: 27.9)" computerName="LZ2626UDSMITH" duration="00:00:00.0200000" startTime="2018-07-13T14:07:17.5792258-05:00" endTime="2018-07-13T14:07:17.5792313-05:00" testType="13cdc9d9-ddb5-4fa4-a97d-d965ccfc6d4b" outcome="Passed" testListId="8c84fa94-04c1-424b-9868-57a2d4851a1d" relativeResultsDirectory="395fa241-13a5-4b9a-b2b0-b3ad78eb78d9" /><UnitTestResult executionId="c932439a-75ed-4f13-ad1f-c4ff323dca8b" testId="70220c3d-aa8b-4fb5-8bdf-26b29f7354de" testName="Precipitation.Tests.GLDASUnitTests.ConvertToHourly(date: &quot;2015-01-01 01&quot;, expected: 0)" computerName="LZ2626UDSMITH" duration="00:00:00.3270000" startTime="2018-07-13T14:07:18.0522772-05:00" endTime="2018-07-13T14:07:18.0522871-05:00" testType="13cdc9d9-ddb5-4fa4-a97d-d965ccfc6d4b" outcome="Passed" testListId="8c84fa94-04c1-424b-9868-57a2d4851a1d" relativeResultsDirectory="c932439a-75ed-4f13-ad1f-c4ff323dca8b" /><UnitTestResult executionId="dbcb3a0e-5678-4a08-9295-280ef47a758d" testId="58716410-15a8-4758-ab65-ecc5f81c7396" testName="Precipitation.Tests.GLDASUnitTests.ConvertToHourly(date: &quot;2015-06-04 04&quot;, expected: 23.98)" computerName="LZ2626UDSMITH" duration="00:00:00.2690000" startTime="2018-07-13T14:07:18.3213005-05:00" endTime="2018-07-13T14:07:18.3213086-05:00" testType="13cdc9d9-ddb5-4fa4-a97d-d965ccfc6d4b" outcome="Passed" testListId="8c84fa94-04c1-424b-9868-57a2d4851a1d" relativeResultsDirectory="dbcb3a0e-5678-4a08-9295-280ef47a758d" /><UnitTestResult executionId="07439ad2-d141-409c-aec6-5792da1de5fb" testId="cd99c1bb-affe-406a-bf3c-b68ed4a280bb" testName="Precipitation.Tests.NLDASUnitTests.WeeklyAggregatedSum(date: &quot;2015-01-01 00&quot;, expected: 43.1)" computerName="LZ2626UDSMITH" duration="00:00:04.3310000" startTime="2018-07-13T14:07:25.9711157-05:00" endTime="2018-07-13T14:07:25.9711286-05:00" testType="13cdc9d9-ddb5-4fa4-a97d-d965ccfc6d4b" outcome="Passed" testListId="8c84fa94-04c1-424b-9868-57a2d4851a1d" relativeResultsDirectory="07439ad2-d141-409c-aec6-5792da1de5fb" /><UnitTestResult executionId="01611ce7-c444-4467-92e1-aac9d9621cb8" testId="4771a3e2-02c3-4f2a-bd2d-8f3fdc50c474" testName="Precipitation.Tests.PRISMUnitTests.WeeklyAggregatedSum(date: &quot;2015-01-01 00&quot;, expected: 46.95)" computerName="LZ2626UDSMITH" duration="00:00:00.0150000" startTime="2018-07-13T14:07:17.5789083-05:00" endTime="2018-07-13T14:07:17.5789120-05:00" testType="13cdc9d9-ddb5-4fa4-a97d-d965ccfc6d4b" outcome="Passed" testListId="8c84fa94-04c1-424b-9868-57a2d4851a1d" relativeResultsDirectory="01611ce7-c444-4467-92e1-aac9d9621cb8" /><UnitTestResult executionId="033dd8d1-ae8d-440c-8684-48d8e5f7280a" testId="d7e01ed3-e17c-4ae7-b4b7-3e82c4843b07" testName="Precipitation.Tests.PRISMUnitTests.UnitConversion(modifier: 1, expected: 0.05748)" computerName="LZ2626UDSMITH" duration="00:00:00.0120000" startTime="2018-07-13T14:07:17.5647616-05:00" endTime="2018-07-13T14:07:17.5647653-05:00" testType="13cdc9d9-ddb5-4fa4-a97d-d965ccfc6d4b" outcome="Passed" testListId="8c84fa94-04c1-424b-9868-57a2d4851a1d" relativeResultsDirectory="033dd8d1-ae8d-440c-8684-48d8e5f7280a" /><UnitTestResult executionId="8d661c4d-c464-4a04-803f-bb06568469a1" testId="0e1bd50d-e9de-41ed-8013-9b1688049fe9" testName="Precipitation.Tests.WGENUnitTests.UnitConversion(modifier: 0.5, expected: 52.01)" computerName="LZ2626UDSMITH" duration="00:00:00.0160000" startTime="2018-07-13T14:07:17.5645864-05:00" endTime="2018-07-13T14:07:17.5645901-05:00" testType="13cdc9d9-ddb5-4fa4-a97d-d965ccfc6d4b" outcome="Passed" testListId="8c84fa94-04c1-424b-9868-57a2d4851a1d" relativeResultsDirectory="8d661c4d-c464-4a04-803f-bb06568469a1" /><UnitTestResult executionId="9706955a-1bac-4eb2-8f83-54cda2f30d51" testId="733a1417-634c-47ff-98ce-791fb1c7c23c" testName="Precipitation.Tests.WGENUnitTests.WeeklyAggregatedSum(date: &quot;2015-06-04 00&quot;, expected: 48.93)" computerName="LZ2626UDSMITH" duration="00:00:00.0150000" startTime="2018-07-13T14:07:17.5782273-05:00" endTime="2018-07-13T14:07:17.5782332-05:00" testType="13cdc9d9-ddb5-4fa4-a97d-d965ccfc6d4b" outcome="Passed" testListId="8c84fa94-04c1-424b-9868-57a2d4851a1d" relativeResultsDirectory="9706955a-1bac-4eb2-8f83-54cda2f30d51" /><UnitTestResult executionId="4bce76c0-5b3f-4846-bd1c-412f9906df47" testId="38d4e71f-a90c-4918-9509-029bf3821420" testName="Precipitation.Tests.NLDASUnitTests.UnitConversion(modifier: -1, expected: -8.661E-05)" computerName="LZ2626UDSMITH" duration="00:00:03.5250000" startTime="2018-07-13T14:08:00.6967862-05:00" endTime="2018-07-13T14:08:00.6967986-05:00" testType="13cdc9d9-ddb5-4fa4-a97d-d965ccfc6d4b" outcome="Passed" testListId="8c84fa94-04c1-424b-9868-57a2d4851a1d" relativeResultsDirectory="4bce76c0-5b3f-4846-bd1c-412f9906df47" /><UnitTestResult executionId="41f8b5f2-8129-4162-9a58-0d533892566a" testId="be32cb76-e84c-47f2-bb47-2c4ca7927c78" testName="Precipitation.Tests.PRISMUnitTests.UnitConversion(modifier: -1, expected: -0.05748)" computerName="LZ2626UDSMITH" duration="00:00:00.0100000" startTime="2018-07-13T14:07:17.5655581-05:00" endTime="2018-07-13T14:07:17.5655618-05:00" testType="13cdc9d9-ddb5-4fa4-a97d-d965ccfc6d4b" outcome="Passed" testListId="8c84fa94-04c1-424b-9868-57a2d4851a1d" relativeResultsDirectory="41f8b5f2-8129-4162-9a58-0d533892566a" /><UnitTestResult executionId="a9b5d565-c512-451f-8073-22b0c5b86bb8" testId="9128b395-52ef-46a3-81da-4283a2e870fc" testName="Precipitation.Tests.GLDASUnitTests.CheckStatus" computerName="LZ2626UDSMITH" duration="00:00:01.7630000" startTime="2018-07-13T14:07:20.0847382-05:00" endTime="2018-07-13T14:07:20.0847576-05:00" testType="13cdc9d9-ddb5-4fa4-a97d-d965ccfc6d4b" outcome="Passed" testListId="8c84fa94-04c1-424b-9868-57a2d4851a1d" relativeResultsDirectory="a9b5d565-c512-451f-8073-22b0c5b86bb8" /><UnitTestResult executionId="119f96d4-9181-45fd-9792-c0f0c11fe773" testId="56b92cf3-3f08-4aa6-be49-91a6619cb77f" testName="Precipitation.Tests.WGENUnitTests.MonthlyAggregatedSum(date: &quot;2015-01-01 00&quot;, expected: 88.85)" computerName="LZ2626UDSMITH" duration="00:00:00.0150000" startTime="2018-07-13T14:07:17.4457669-05:00" endTime="2018-07-13T14:07:17.4457709-05:00" testType="13cdc9d9-ddb5-4fa4-a97d-d965ccfc6d4b" outcome="Passed" testListId="8c84fa94-04c1-424b-9868-57a2d4851a1d" relativeResultsDirectory="119f96d4-9181-45fd-9792-c0f0c11fe773" /><UnitTestResult executionId="6a604f00-e2ca-44b3-a4c5-b48300434632" testId="7592f98b-a179-4977-a09e-8a5ac0c0c46d" testName="Precipitation.Tests.PRISMUnitTests.MonthlyAggregatedSum(date: &quot;2015-06-01 00&quot;, expected: 93.16)" computerName="LZ2626UDSMITH" duration="00:00:00.0140000" startTime="2018-07-13T14:07:17.4452160-05:00" endTime="2018-07-13T14:07:17.4452233-05:00" testType="13cdc9d9-ddb5-4fa4-a97d-d965ccfc6d4b" outcome="Passed" testListId="8c84fa94-04c1-424b-9868-57a2d4851a1d" relativeResultsDirectory="6a604f00-e2ca-44b3-a4c5-b48300434632" /><UnitTestResult executionId="f0ef40b3-2e14-4a09-b010-84ca2e923d15" testId="04b9e37d-46fc-4a99-b38f-aee2c6651bb4" testName="Precipitation.Tests.PRISMUnitTests.WeeklyAggregatedSum(date: &quot;2015-12-24 00&quot;, expected: 126.4)" computerName="LZ2626UDSMITH" duration="00:00:00.0560000" startTime="2018-07-13T14:07:17.5785535-05:00" endTime="2018-07-13T14:07:17.5785620-05:00" testType="13cdc9d9-ddb5-4fa4-a97d-d965ccfc6d4b" outcome="Passed" testListId="8c84fa94-04c1-424b-9868-57a2d4851a1d" relativeResultsDirectory="f0ef40b3-2e14-4a09-b010-84ca2e923d15" /><UnitTestResult executionId="76139f2c-c8bc-4a5c-96c3-a6cdbd9fcfd6" testId="b53dfc38-7fc8-4cdc-bc42-ed86859f6015" testName="Precipitation.Tests.NLDASUnitTests.DailyAggregatedSum(hour: 23, date: &quot;2015-01-01 00&quot;, expected: 0.5964)" computerName="LZ2626UDSMITH" duration="00:00:04.4540000" startTime="2018-07-13T14:07:48.3872373-05:00" endTime="2018-07-13T14:07:48.3872526-05:00" testType="13cdc9d9-ddb5-4fa4-a97d-d965ccfc6d4b" outcome="Passed" testListId="8c84fa94-04c1-424b-9868-57a2d4851a1d" relativeResultsDirectory="76139f2c-c8bc-4a5c-96c3-a6cdbd9fcfd6" /><UnitTestResult executionId="c56ee80e-57a6-4b61-92e6-5e06ae416724" testId="be498ae2-7960-4c16-92dd-95d1698d72b3" testName="Precipitation.Tests.WGENUnitTests.UnitConversion(modifier: 0, expected: 0)" computerName="LZ2626UDSMITH" duration="00:00:00.0110000" startTime="2018-07-13T14:07:17.5649922-05:00" endTime="2018-07-13T14:07:17.5649958-05:00" testType="13cdc9d9-ddb5-4fa4-a97d-d965ccfc6d4b" outcome="Passed" testListId="8c84fa94-04c1-424b-9868-57a2d4851a1d" relativeResultsDirectory="c56ee80e-57a6-4b61-92e6-5e06ae416724" /><UnitTestResult executionId="fdad62a7-d4dd-4fd6-9c99-410424e33827" testId="4489ea69-e4c3-4d38-931d-506714398c71" testName="Precipitation.Tests.NLDASUnitTests.DailyAggregatedSum(hour: 23, date: &quot;2015-12-31 00&quot;, expected: 13.03)" computerName="LZ2626UDSMITH" duration="00:00:04.2270000" startTime="2018-07-13T14:07:57.1716227-05:00" endTime="2018-07-13T14:07:57.1716429-05:00" testType="13cdc9d9-ddb5-4fa4-a97d-d965ccfc6d4b" outcome="Passed" testListId="8c84fa94-04c1-424b-9868-57a2d4851a1d" relativeResultsDirectory="fdad62a7-d4dd-4fd6-9c99-410424e33827" /><UnitTestResult executionId="d9967aa1-488b-48e1-9f14-7756e7efe20f" testId="1a50177d-0449-4423-a546-91fbd07e8dcc" testName="Precipitation.Tests.WGENUnitTests.MonthlyAggregatedSum(date: &quot;2015-12-01 00&quot;, expected: 48.35)" computerName="LZ2626UDSMITH" duration="00:00:00.4410000" startTime="2018-07-13T14:07:17.3930499-05:00" endTime="2018-07-13T14:07:17.3930865-05:00" testType="13cdc9d9-ddb5-4fa4-a97d-d965ccfc6d4b" outcome="Passed" testListId="8c84fa94-04c1-424b-9868-57a2d4851a1d" relativeResultsDirectory="d9967aa1-488b-48e1-9f14-7756e7efe20f" /><UnitTestResult executionId="5a4bd331-fb34-44f5-ac73-02a8d15d5061" testId="93429c12-d476-4006-b487-af5997e0ef20" testName="Precipitation.Tests.NLDASUnitTests.UnitConversion(modifier: 0, expected: 0)" computerName="LZ2626UDSMITH" duration="00:00:02.8610000" startTime="2018-07-13T14:08:03.5580803-05:00" endTime="2018-07-13T14:08:03.5580950-05:00" testType="13cdc9d9-ddb5-4fa4-a97d-d965ccfc6d4b" outcome="Passed" testListId="8c84fa94-04c1-424b-9868-57a2d4851a1d" relativeResultsDirectory="5a4bd331-fb34-44f5-ac73-02a8d15d5061" /><UnitTestResult executionId="7962cd28-22e4-4c62-8b75-ee7b96645250" testId="ef58f13d-5448-4cda-91f2-d78c5ca4d93e" testName="Precipitation.Tests.NLDASUnitTests.WeeklyAggregatedSum(date: &quot;2015-06-04 00&quot;, expected: 19.4)" computerName="LZ2626UDSMITH" duration="00:00:04.0310000" startTime="2018-07-13T14:07:30.0024176-05:00" endTime="2018-07-13T14:07:30.0024271-05:00" testType="13cdc9d9-ddb5-4fa4-a97d-d965ccfc6d4b" outcome="Passed" testListId="8c84fa94-04c1-424b-9868-57a2d4851a1d" relativeResultsDirectory="7962cd28-22e4-4c62-8b75-ee7b96645250" /><UnitTestResult executionId="5c453693-bcfb-4606-a7af-0b8d03b496a1" testId="0c25210a-052a-44ac-a46e-29bc38e0bc46" testName="Precipitation.Tests.NLDASUnitTests.DailyAggregatedSum(hour: 23, date: &quot;2015-01-02 00&quot;, expected: 16.33)" computerName="LZ2626UDSMITH" duration="00:00:04.5570000" startTime="2018-07-13T14:07:52.9441485-05:00" endTime="2018-07-13T14:07:52.9441625-05:00" testType="13cdc9d9-ddb5-4fa4-a97d-d965ccfc6d4b" outcome="Passed" testListId="8c84fa94-04c1-424b-9868-57a2d4851a1d" relativeResultsDirectory="5c453693-bcfb-4606-a7af-0b8d03b496a1" /><UnitTestResult executionId="4318b4ba-2c0c-490a-bdf5-dad2507af07a" testId="24f86dc4-760c-4d3c-9a17-9008bbdcb06b" testName="Precipitation.Tests.NCDCUnitTests.CheckStatus" computerName="LZ2626UDSMITH" duration="00:00:02.5980000" startTime="2018-07-13T14:07:19.4950995-05:00" endTime="2018-07-13T14:07:19.4951167-05:00" testType="13cdc9d9-ddb5-4fa4-a97d-d965ccfc6d4b" outcome="Passed" testListId="8c84fa94-04c1-424b-9868-57a2d4851a1d" relativeResultsDirectory="4318b4ba-2c0c-490a-bdf5-dad2507af07a" /><UnitTestResult executionId="4d4e8203-b687-4c8f-9e60-b1f69e9156d0" testId="6f0e8e2e-e061-4b9e-b497-09f8bf2ce5d3" testName="Precipitation.Tests.NLDASUnitTests.MonthlyAggregatedSum(date: &quot;2015-01-01 00&quot;, expected: 76.34)" computerName="LZ2626UDSMITH" duration="00:00:04.5880000" startTime="2018-07-13T14:07:43.9329541-05:00" endTime="2018-07-13T14:07:43.9329658-05:00" testType="13cdc9d9-ddb5-4fa4-a97d-d965ccfc6d4b" outcome="Passed" testListId="8c84fa94-04c1-424b-9868-57a2d4851a1d" relativeResultsDirectory="4d4e8203-b687-4c8f-9e60-b1f69e9156d0" /><UnitTestResult executionId="5043997d-b791-43cf-9d69-345a98eadc0d" testId="823ab16e-66a0-4f16-b3b7-9b16f3187c25" testName="Precipitation.Tests.WGENUnitTests.UnitConversion(modifier: -1, expected: -104)" computerName="LZ2626UDSMITH" duration="00:00:00.0210000" startTime="2018-07-13T14:07:17.5629571-05:00" endTime="2018-07-13T14:07:17.5629637-05:00" testType="13cdc9d9-ddb5-4fa4-a97d-d965ccfc6d4b" outcome="Passed" testListId="8c84fa94-04c1-424b-9868-57a2d4851a1d" relativeResultsDirectory="5043997d-b791-43cf-9d69-345a98eadc0d" /><UnitTestResult executionId="aee16e86-cd9e-4a4c-bcda-224f41fa690d" testId="2d55f839-6c87-4df3-af11-762934101913" testName="Precipitation.Tests.PRISMUnitTests.UnitConversion(modifier: 0, expected: 0)" computerName="LZ2626UDSMITH" duration="00:00:00.0250000" startTime="2018-07-13T14:07:17.5643801-05:00" endTime="2018-07-13T14:07:17.5643856-05:00" testType="13cdc9d9-ddb5-4fa4-a97d-d965ccfc6d4b" outcome="Passed" testListId="8c84fa94-04c1-424b-9868-57a2d4851a1d" relativeResultsDirectory="aee16e86-cd9e-4a4c-bcda-224f41fa690d" /><UnitTestResult executionId="d6a19e01-be5e-400d-9721-f56051219c47" testId="eb9a1b26-cab4-4805-866e-5b7af3993cf9" testName="Precipitation.Tests.NLDASUnitTests.CheckStatus" computerName="LZ2626UDSMITH" duration="00:00:01.3070000" startTime="2018-07-13T14:08:11.2060869-05:00" endTime="2018-07-13T14:08:11.2061008-05:00" testType="13cdc9d9-ddb5-4fa4-a97d-d965ccfc6d4b" outcome="Passed" testListId="8c84fa94-04c1-424b-9868-57a2d4851a1d" relativeResultsDirectory="d6a19e01-be5e-400d-9721-f56051219c47" /><UnitTestResult executionId="e14f11f6-9a02-43d0-9f39-9f2ab21655cb" testId="97dec483-e3be-434a-9372-ceae1a767e44" testName="Precipitation.Tests.NLDASUnitTests.WeeklyAggregatedSum(date: &quot;2015-12-24 00&quot;, expected: 136.6)" computerName="LZ2626UDSMITH" duration="00:00:04.7640000" startTime="2018-07-13T14:07:21.6399735-05:00" endTime="2018-07-13T14:07:21.6399826-05:00" testType="13cdc9d9-ddb5-4fa4-a97d-d965ccfc6d4b" outcome="Passed" testListId="8c84fa94-04c1-424b-9868-57a2d4851a1d" relativeResultsDirectory="e14f11f6-9a02-43d0-9f39-9f2ab21655cb" /><UnitTestResult executionId="84e053c6-aef6-4056-99ae-89abf3e8c3a5" testId="424c1bce-a2b1-4145-8979-4601ab9157c4" testName="Precipitation.Tests.WGENUnitTests.MonthlyAggregatedSum(date: &quot;2015-06-01 00&quot;, expected: 184.4)" computerName="LZ2626UDSMITH" duration="00:00:00.0180000" startTime="2018-07-13T14:07:17.4454389-05:00" endTime="2018-07-13T14:07:17.4454433-05:00" testType="13cdc9d9-ddb5-4fa4-a97d-d965ccfc6d4b" outcome="Passed" testListId="8c84fa94-04c1-424b-9868-57a2d4851a1d" relativeResultsDirectory="84e053c6-aef6-4056-99ae-89abf3e8c3a5" /><UnitTestResult executionId="9c9c45e7-04ea-4c96-bbb8-612639068c04" testId="bd453eb1-031f-4d32-afd0-8adbd3a4f8b8" testName="Precipitation.Tests.WGENUnitTests.WeeklyAggregatedSum(date: &quot;2015-12-24 00&quot;, expected: 1.266)" computerName="LZ2626UDSMITH" duration="00:00:00.0480000" startTime="2018-07-13T14:07:17.5767746-05:00" endTime="2018-07-13T14:07:17.5767845-05:00" testType="13cdc9d9-ddb5-4fa4-a97d-d965ccfc6d4b" outcome="Passed" testListId="8c84fa94-04c1-424b-9868-57a2d4851a1d" relativeResultsDirectory="9c9c45e7-04ea-4c96-bbb8-612639068c04" /><UnitTestResult executionId="aaf53afe-f37f-48a1-bc6a-04525d83904c" testId="487bff90-8c09-455a-b8d1-716c3c899dcc" testName="Precipitation.Tests.NLDASUnitTests.MonthlyAggregatedSum(date: &quot;2015-06-01 00&quot;, expected: 73.32)" computerName="LZ2626UDSMITH" duration="00:00:04.5840000" startTime="2018-07-13T14:07:34.5863770-05:00" endTime="2018-07-13T14:07:34.5863895-05:00" testType="13cdc9d9-ddb5-4fa4-a97d-d965ccfc6d4b" outcome="Passed" testListId="8c84fa94-04c1-424b-9868-57a2d4851a1d" relativeResultsDirectory="aaf53afe-f37f-48a1-bc6a-04525d83904c" /><UnitTestResult executionId="bbd6c98b-1bbd-4d4c-a0ba-88a1ff0fb98e" testId="b729232c-a98b-4c5d-9d54-2658877d0453" testName="Precipitation.Tests.GLDASUnitTests.ConvertToHourly(date: &quot;2015-12-24 07&quot;, expected: 6257)" computerName="LZ2626UDSMITH" duration="00:00:00.8350000" startTime="2018-07-13T14:07:17.7246558-05:00" endTime="2018-07-13T14:07:17.7246859-05:00" testType="13cdc9d9-ddb5-4fa4-a97d-d965ccfc6d4b" outcome="Passed" testListId="8c84fa94-04c1-424b-9868-57a2d4851a1d" relativeResultsDirectory="bbd6c98b-1bbd-4d4c-a0ba-88a1ff0fb98e" /></Results><TestDefinitions><UnitTest name="Precipitation.Tests.PRISMUnitTests.WeeklyAggregatedSum(date: &quot;2015-01-01 00&quot;, expected: 46.95)" storage="c:\git\hms\precipitation.tests\bin\release\netcoreapp2.0\precipitation.tests.dll" priority="1" id="4771a3e2-02c3-4f2a-bd2d-8f3fdc50c474"><Execution id="01611ce7-c444-4467-92e1-aac9d9621cb8" /><TestMethod codeBase="C:\git\hms\Precipitation.Tests\bin\Release\netcoreapp2.0\Precipitation.Tests.dll" adapterTypeName="executor://xunit/VsTestRunner2/netcoreapp" className="Precipitation.Tests.PRISMUnitTests" name="Precipitation.Tests.PRISMUnitTests.WeeklyAggregatedSum(date: &quot;2015-01-01 00&quot;, expected: 46.95)" /></UnitTest><UnitTest name="Precipitation.Tests.PRISMUnitTests.UnitConversion(modifier: 0.5, expected: 0.02874)" storage="c:\git\hms\precipitation.tests\bin\release\netcoreapp2.0\precipitation.tests.dll" priority="1" id="74e1b19d-159b-4c59-95ff-6b6d20c16529"><Execution id="e4987ba4-f651-478a-a3ff-88e98463c173" /><TestMethod codeBase="C:\git\hms\Precipitation.Tests\bin\Release\netcoreapp2.0\Precipitation.Tests.dll" adapterTypeName="executor://xunit/VsTestRunner2/netcoreapp" className="Precipitation.Tests.PRISMUnitTests" name="Precipitation.Tests.PRISMUnitTests.UnitConversion(modifier: 0.5, expected: 0.02874)" /></UnitTest><UnitTest name="Precipitation.Tests.WGENUnitTests.UnitConversion(modifier: 0.5, expected: 52.01)" storage="c:\git\hms\precipitation.tests\bin\release\netcoreapp2.0\precipitation.tests.dll" priority="1" id="0e1bd50d-e9de-41ed-8013-9b1688049fe9"><Execution id="8d661c4d-c464-4a04-803f-bb06568469a1" /><TestMethod codeBase="C:\git\hms\Precipitation.Tests\bin\Release\netcoreapp2.0\Precipitation.Tests.dll" adapterTypeName="executor://xunit/VsTestRunner2/netcoreapp" className="Precipitation.Tests.WGENUnitTests" name="Precipitation.Tests.WGENUnitTests.UnitConversion(modifier: 0.5, expected: 52.01)" /></UnitTest><UnitTest name="Precipitation.Tests.NLDASUnitTests.MonthlyAggregatedSum(date: &quot;2015-01-01 00&quot;, expected: 76.34)" storage="c:\git\hms\precipitation.tests\bin\release\netcoreapp2.0\precipitation.tests.dll" priority="1" id="6f0e8e2e-e061-4b9e-b497-09f8bf2ce5d3"><Execution id="4d4e8203-b687-4c8f-9e60-b1f69e9156d0" /><TestMethod codeBase="C:\git\hms\Precipitation.Tests\bin\Release\netcoreapp2.0\Precipitation.Tests.dll" adapterTypeName="executor://xunit/VsTestRunner2/netcoreapp" className="Precipitation.Tests.NLDASUnitTests" name="Precipitation.Tests.NLDASUnitTests.MonthlyAggregatedSum(date: &quot;2015-01-01 00&quot;, expected: 76.34)" /></UnitTest><UnitTest name="Precipitation.Tests.WGENUnitTests.UnitConversion(modifier: -1, expected: -104)" storage="c:\git\hms\precipitation.tests\bin\release\netcoreapp2.0\precipitation.tests.dll" priority="1" id="823ab16e-66a0-4f16-b3b7-9b16f3187c25"><Execution id="5043997d-b791-43cf-9d69-345a98eadc0d" /><TestMethod codeBase="C:\git\hms\Precipitation.Tests\bin\Release\netcoreapp2.0\Precipitation.Tests.dll" adapterTypeName="executor://xunit/VsTestRunner2/netcoreapp" className="Precipitation.Tests.WGENUnitTests" name="Precipitation.Tests.WGENUnitTests.UnitConversion(modifier: -1, expected: -104)" /></UnitTest><UnitTest name="Precipitation.Tests.NLDASUnitTests.MonthlyAggregatedSum(date: &quot;2015-12-01 00&quot;, expected: 302)" storage="c:\git\hms\precipitation.tests\bin\release\netcoreapp2.0\precipitation.tests.dll" priority="1" id="9411c458-c980-4d0c-aa0b-778dbe70d63c"><Execution id="bcffd536-115b-42d2-a8cc-1a3596ea0061" /><TestMethod codeBase="C:\git\hms\Precipitation.Tests\bin\Release\netcoreapp2.0\Precipitation.Tests.dll" adapterTypeName="executor://xunit/VsTestRunner2/netcoreapp" className="Precipitation.Tests.NLDASUnitTests" name="Precipitation.Tests.NLDASUnitTests.MonthlyAggregatedSum(date: &quot;2015-12-01 00&quot;, expected: 302)" /></UnitTest><UnitTest name="Precipitation.Tests.GLDASUnitTests.ConvertToHourly(date: &quot;2015-06-04 04&quot;, expected: 23.98)" storage="c:\git\hms\precipitation.tests\bin\release\netcoreapp2.0\precipitation.tests.dll" priority="1" id="58716410-15a8-4758-ab65-ecc5f81c7396"><Execution id="dbcb3a0e-5678-4a08-9295-280ef47a758d" /><TestMethod codeBase="C:\git\hms\Precipitation.Tests\bin\Release\netcoreapp2.0\Precipitation.Tests.dll" adapterTypeName="executor://xunit/VsTestRunner2/netcoreapp" className="Precipitation.Tests.GLDASUnitTests" name="Precipitation.Tests.GLDASUnitTests.ConvertToHourly(date: &quot;2015-06-04 04&quot;, expected: 23.98)" /></UnitTest><UnitTest name="Precipitation.Tests.WGENUnitTests.MonthlyAggregatedSum(date: &quot;2015-06-01 00&quot;, expected: 184.4)" storage="c:\git\hms\precipitation.tests\bin\release\netcoreapp2.0\precipitation.tests.dll" priority="1" id="424c1bce-a2b1-4145-8979-4601ab9157c4"><Execution id="84e053c6-aef6-4056-99ae-89abf3e8c3a5" /><TestMethod codeBase="C:\git\hms\Precipitation.Tests\bin\Release\netcoreapp2.0\Precipitation.Tests.dll" adapterTypeName="executor://xunit/VsTestRunner2/netcoreapp" className="Precipitation.Tests.WGENUnitTests" name="Precipitation.Tests.WGENUnitTests.MonthlyAggregatedSum(date: &quot;2015-06-01 00&quot;, expected: 184.4)" /></UnitTest><UnitTest name="Precipitation.Tests.NLDASUnitTests.DailyAggregatedSum(hour: 23, date: &quot;2015-12-31 00&quot;, expected: 13.03)" storage="c:\git\hms\precipitation.tests\bin\release\netcoreapp2.0\precipitation.tests.dll" priority="1" id="4489ea69-e4c3-4d38-931d-506714398c71"><Execution id="fdad62a7-d4dd-4fd6-9c99-410424e33827" /><TestMethod codeBase="C:\git\hms\Precipitation.Tests\bin\Release\netcoreapp2.0\Precipitation.Tests.dll" adapterTypeName="executor://xunit/VsTestRunner2/netcoreapp" className="Precipitation.Tests.NLDASUnitTests" name="Precipitation.Tests.NLDASUnitTests.DailyAggregatedSum(hour: 23, date: &quot;2015-12-31 00&quot;, expected: 13.03)" /></UnitTest><UnitTest name="Precipitation.Tests.WGENUnitTests.UnitConversion(modifier: 0, expected: 0)" storage="c:\git\hms\precipitation.tests\bin\release\netcoreapp2.0\precipitation.tests.dll" priority="1" id="be498ae2-7960-4c16-92dd-95d1698d72b3"><Execution id="c56ee80e-57a6-4b61-92e6-5e06ae416724" /><TestMethod codeBase="C:\git\hms\Precipitation.Tests\bin\Release\netcoreapp2.0\Precipitation.Tests.dll" adapterTypeName="executor://xunit/VsTestRunner2/netcoreapp" className="Precipitation.Tests.WGENUnitTests" name="Precipitation.Tests.WGENUnitTests.UnitConversion(modifier: 0, expected: 0)" /></UnitTest><UnitTest name="Precipitation.Tests.NLDASUnitTests.UnitConversion(modifier: 0.5, expected: 4.331E-05)" storage="c:\git\hms\precipitation.tests\bin\release\netcoreapp2.0\precipitation.tests.dll" priority="1" id="cf8d6b14-289c-4edb-a46d-8e8d14d9584d"><Execution id="104f026b-fbb3-4bb2-8b88-98d8c2206efc" /><TestMethod codeBase="C:\git\hms\Precipitation.Tests\bin\Release\netcoreapp2.0\Precipitation.Tests.dll" adapterTypeName="executor://xunit/VsTestRunner2/netcoreapp" className="Precipitation.Tests.NLDASUnitTests" name="Precipitation.Tests.NLDASUnitTests.UnitConversion(modifier: 0.5, expected: 4.331E-05)" /></UnitTest><UnitTest name="Precipitation.Tests.PRISMUnitTests.UnitConversion(modifier: 1, expected: 0.05748)" storage="c:\git\hms\precipitation.tests\bin\release\netcoreapp2.0\precipitation.tests.dll" priority="1" id="d7e01ed3-e17c-4ae7-b4b7-3e82c4843b07"><Execution id="033dd8d1-ae8d-440c-8684-48d8e5f7280a" /><TestMethod codeBase="C:\git\hms\Precipitation.Tests\bin\Release\netcoreapp2.0\Precipitation.Tests.dll" adapterTypeName="executor://xunit/VsTestRunner2/netcoreapp" className="Precipitation.Tests.PRISMUnitTests" name="Precipitation.Tests.PRISMUnitTests.UnitConversion(modifier: 1, expected: 0.05748)" /></UnitTest><UnitTest name="Precipitation.Tests.WGENUnitTests.MonthlyAggregatedSum(date: &quot;2015-12-01 00&quot;, expected: 48.35)" storage="c:\git\hms\precipitation.tests\bin\release\netcoreapp2.0\precipitation.tests.dll" priority="1" id="1a50177d-0449-4423-a546-91fbd07e8dcc"><Execution id="d9967aa1-488b-48e1-9f14-7756e7efe20f" /><TestMethod codeBase="C:\git\hms\Precipitation.Tests\bin\Release\netcoreapp2.0\Precipitation.Tests.dll" adapterTypeName="executor://xunit/VsTestRunner2/netcoreapp" className="Precipitation.Tests.WGENUnitTests" name="Precipitation.Tests.WGENUnitTests.MonthlyAggregatedSum(date: &quot;2015-12-01 00&quot;, expected: 48.35)" /></UnitTest><UnitTest name="Precipitation.Tests.DaymetUnitTests.CheckStatus" storage="c:\git\hms\precipitation.tests\bin\release\netcoreapp2.0\precipitation.tests.dll" priority="1" id="39ceb399-f98d-48f2-8a40-45fddb566a5a"><Execution id="304367ee-afcd-4895-aad9-65277cbb4423" /><TestMethod codeBase="C:\git\hms\Precipitation.Tests\bin\Release\netcoreapp2.0\Precipitation.Tests.dll" adapterTypeName="executor://xunit/VsTestRunner2/netcoreapp" className="Precipitation.Tests.DaymetUnitTests" name="Precipitation.Tests.DaymetUnitTests.CheckStatus" /></UnitTest><UnitTest name="Precipitation.Tests.NLDASUnitTests.UnitConversion(modifier: 1, expected: 8.661E-05)" storage="c:\git\hms\precipitation.tests\bin\release\netcoreapp2.0\precipitation.tests.dll" priority="1" id="885f448f-3060-446e-a6f7-7a3cec016158"><Execution id="573f8561-39a6-4b77-a589-6d3422584959" /><TestMethod codeBase="C:\git\hms\Precipitation.Tests\bin\Release\netcoreapp2.0\Precipitation.Tests.dll" adapterTypeName="executor://xunit/VsTestRunner2/netcoreapp" className="Precipitation.Tests.NLDASUnitTests" name="Precipitation.Tests.NLDASUnitTests.UnitConversion(modifier: 1, expected: 8.661E-05)" /></UnitTest><UnitTest name="Precipitation.Tests.WGENUnitTests.WeeklyAggregatedSum(date: &quot;2015-01-01 00&quot;, expected: 21.89)" storage="c:\git\hms\precipitation.tests\bin\release\netcoreapp2.0\precipitation.tests.dll" priority="1" id="8a29616c-1775-47c4-9f4b-eb24cdbcbce3"><Execution id="521caae3-066a-40b7-bf67-3ac5b3653ee1" /><TestMethod codeBase="C:\git\hms\Precipitation.Tests\bin\Release\netcoreapp2.0\Precipitation.Tests.dll" adapterTypeName="executor://xunit/VsTestRunner2/netcoreapp" className="Precipitation.Tests.WGENUnitTests" name="Precipitation.Tests.WGENUnitTests.WeeklyAggregatedSum(date: &quot;2015-01-01 00&quot;, expected: 21.89)" /></UnitTest><UnitTest name="Precipitation.Tests.WGENUnitTests.UnitConversion(modifier: 1, expected: 104)" storage="c:\git\hms\precipitation.tests\bin\release\netcoreapp2.0\precipitation.tests.dll" priority="1" id="40e74951-0f02-4e03-8397-a5130c686237"><Execution id="8a0732df-a276-4020-9515-7969a6ede88b" /><TestMethod codeBase="C:\git\hms\Precipitation.Tests\bin\Release\netcoreapp2.0\Precipitation.Tests.dll" adapterTypeName="executor://xunit/VsTestRunner2/netcoreapp" className="Precipitation.Tests.WGENUnitTests" name="Precipitation.Tests.WGENUnitTests.UnitConversion(modifier: 1, expected: 104)" /></UnitTest><UnitTest name="Precipitation.Tests.PRISMUnitTests.MonthlyAggregatedSum(date: &quot;2015-01-01 00&quot;, expected: 80.28)" storage="c:\git\hms\precipitation.tests\bin\release\netcoreapp2.0\precipitation.tests.dll" priority="1" id="d6368284-2dd8-43b6-8402-024e6881432f"><Execution id="b6390731-5b38-42ec-b936-bc970c85bdd3" /><TestMethod codeBase="C:\git\hms\Precipitation.Tests\bin\Release\netcoreapp2.0\Precipitation.Tests.dll" adapterTypeName="executor://xunit/VsTestRunner2/netcoreapp" className="Precipitation.Tests.PRISMUnitTests" name="Precipitation.Tests.PRISMUnitTests.MonthlyAggregatedSum(date: &quot;2015-01-01 00&quot;, expected: 80.28)" /></UnitTest><UnitTest name="Precipitation.Tests.NLDASUnitTests.WeeklyAggregatedSum(date: &quot;2015-01-01 00&quot;, expected: 43.1)" storage="c:\git\hms\precipitation.tests\bin\release\netcoreapp2.0\precipitation.tests.dll" priority="1" id="cd99c1bb-affe-406a-bf3c-b68ed4a280bb"><Execution id="07439ad2-d141-409c-aec6-5792da1de5fb" /><TestMethod codeBase="C:\git\hms\Precipitation.Tests\bin\Release\netcoreapp2.0\Precipitation.Tests.dll" adapterTypeName="executor://xunit/VsTestRunner2/netcoreapp" className="Precipitation.Tests.NLDASUnitTests" name="Precipitation.Tests.NLDASUnitTests.WeeklyAggregatedSum(date: &quot;2015-01-01 00&quot;, expected: 43.1)" /></UnitTest><UnitTest name="Precipitation.Tests.PRISMUnitTests.UnitConversion(modifier: -1, expected: -0.05748)" storage="c:\git\hms\precipitation.tests\bin\release\netcoreapp2.0\precipitation.tests.dll" priority="1" id="be32cb76-e84c-47f2-bb47-2c4ca7927c78"><Execution id="41f8b5f2-8129-4162-9a58-0d533892566a" /><TestMethod codeBase="C:\git\hms\Precipitation.Tests\bin\Release\netcoreapp2.0\Precipitation.Tests.dll" adapterTypeName="executor://xunit/VsTestRunner2/netcoreapp" className="Precipitation.Tests.PRISMUnitTests" name="Precipitation.Tests.PRISMUnitTests.UnitConversion(modifier: -1, expected: -0.05748)" /></UnitTest><UnitTest name="Precipitation.Tests.NLDASUnitTests.WeeklyAggregatedSum(date: &quot;2015-12-24 00&quot;, expected: 136.6)" storage="c:\git\hms\precipitation.tests\bin\release\netcoreapp2.0\precipitation.tests.dll" priority="1" id="97dec483-e3be-434a-9372-ceae1a767e44"><Execution id="e14f11f6-9a02-43d0-9f39-9f2ab21655cb" /><TestMethod codeBase="C:\git\hms\Precipitation.Tests\bin\Release\netcoreapp2.0\Precipitation.Tests.dll" adapterTypeName="executor://xunit/VsTestRunner2/netcoreapp" className="Precipitation.Tests.NLDASUnitTests" name="Precipitation.Tests.NLDASUnitTests.WeeklyAggregatedSum(date: &quot;2015-12-24 00&quot;, expected: 136.6)" /></UnitTest><UnitTest name="Precipitation.Tests.GLDASUnitTests.ConvertToHourly(date: &quot;2015-01-01 01&quot;, expected: 0)" storage="c:\git\hms\precipitation.tests\bin\release\netcoreapp2.0\precipitation.tests.dll" priority="1" id="70220c3d-aa8b-4fb5-8bdf-26b29f7354de"><Execution id="c932439a-75ed-4f13-ad1f-c4ff323dca8b" /><TestMethod codeBase="C:\git\hms\Precipitation.Tests\bin\Release\netcoreapp2.0\Precipitation.Tests.dll" adapterTypeName="executor://xunit/VsTestRunner2/netcoreapp" className="Precipitation.Tests.GLDASUnitTests" name="Precipitation.Tests.GLDASUnitTests.ConvertToHourly(date: &quot;2015-01-01 01&quot;, expected: 0)" /></UnitTest><UnitTest name="Precipitation.Tests.WGENUnitTests.WeeklyAggregatedSum(date: &quot;2015-06-04 00&quot;, expected: 48.93)" storage="c:\git\hms\precipitation.tests\bin\release\netcoreapp2.0\precipitation.tests.dll" priority="1" id="733a1417-634c-47ff-98ce-791fb1c7c23c"><Execution id="9706955a-1bac-4eb2-8f83-54cda2f30d51" /><TestMethod codeBase="C:\git\hms\Precipitation.Tests\bin\Release\netcoreapp2.0\Precipitation.Tests.dll" adapterTypeName="executor://xunit/VsTestRunner2/netcoreapp" className="Precipitation.Tests.WGENUnitTests" name="Precipitation.Tests.WGENUnitTests.WeeklyAggregatedSum(date: &quot;2015-06-04 00&quot;, expected: 48.93)" /></UnitTest><UnitTest name="Precipitation.Tests.NLDASUnitTests.UnitConversion(modifier: -1, expected: -8.661E-05)" storage="c:\git\hms\precipitation.tests\bin\release\netcoreapp2.0\precipitation.tests.dll" priority="1" id="38d4e71f-a90c-4918-9509-029bf3821420"><Execution id="4bce76c0-5b3f-4846-bd1c-412f9906df47" /><TestMethod codeBase="C:\git\hms\Precipitation.Tests\bin\Release\netcoreapp2.0\Precipitation.Tests.dll" adapterTypeName="executor://xunit/VsTestRunner2/netcoreapp" className="Precipitation.Tests.NLDASUnitTests" name="Precipitation.Tests.NLDASUnitTests.UnitConversion(modifier: -1, expected: -8.661E-05)" /></UnitTest><UnitTest name="Precipitation.Tests.GLDASUnitTests.CheckStatus" storage="c:\git\hms\precipitation.tests\bin\release\netcoreapp2.0\precipitation.tests.dll" priority="1" id="9128b395-52ef-46a3-81da-4283a2e870fc"><Execution id="a9b5d565-c512-451f-8073-22b0c5b86bb8" /><TestMethod codeBase="C:\git\hms\Precipitation.Tests\bin\Release\netcoreapp2.0\Precipitation.Tests.dll" adapterTypeName="executor://xunit/VsTestRunner2/netcoreapp" className="Precipitation.Tests.GLDASUnitTests" name="Precipitation.Tests.GLDASUnitTests.CheckStatus" /></UnitTest><UnitTest name="Precipitation.Tests.PRISMUnitTests.MonthlyAggregatedSum(date: &quot;2015-06-01 00&quot;, expected: 93.16)" storage="c:\git\hms\precipitation.tests\bin\release\netcoreapp2.0\precipitation.tests.dll" priority="1" id="7592f98b-a179-4977-a09e-8a5ac0c0c46d"><Execution id="6a604f00-e2ca-44b3-a4c5-b48300434632" /><TestMethod codeBase="C:\git\hms\Precipitation.Tests\bin\Release\netcoreapp2.0\Precipitation.Tests.dll" adapterTypeName="executor://xunit/VsTestRunner2/netcoreapp" className="Precipitation.Tests.PRISMUnitTests" name="Precipitation.Tests.PRISMUnitTests.MonthlyAggregatedSum(date: &quot;2015-06-01 00&quot;, expected: 93.16)" /></UnitTest><UnitTest name="Precipitation.Tests.NLDASUnitTests.DailyAggregatedSum(hour: 23, date: &quot;2015-01-01 00&quot;, expected: 0.5964)" storage="c:\git\hms\precipitation.tests\bin\release\netcoreapp2.0\precipitation.tests.dll" priority="1" id="b53dfc38-7fc8-4cdc-bc42-ed86859f6015"><Execution id="76139f2c-c8bc-4a5c-96c3-a6cdbd9fcfd6" /><TestMethod codeBase="C:\git\hms\Precipitation.Tests\bin\Release\netcoreapp2.0\Precipitation.Tests.dll" adapterTypeName="executor://xunit/VsTestRunner2/netcoreapp" className="Precipitation.Tests.NLDASUnitTests" name="Precipitation.Tests.NLDASUnitTests.DailyAggregatedSum(hour: 23, date: &quot;2015-01-01 00&quot;, expected: 0.5964)" /></UnitTest><UnitTest name="Precipitation.Tests.PRISMUnitTests.MonthlyAggregatedSum(date: &quot;2015-12-01 00&quot;, expected: 246.9)" storage="c:\git\hms\precipitation.tests\bin\release\netcoreapp2.0\precipitation.tests.dll" priority="1" id="410baeed-e0ba-4266-87ba-d48ecb1619ce"><Execution id="f10c922f-7b4a-4e57-a311-fb1d49b87ce6" /><TestMethod codeBase="C:\git\hms\Precipitation.Tests\bin\Release\netcoreapp2.0\Precipitation.Tests.dll" adapterTypeName="executor://xunit/VsTestRunner2/netcoreapp" className="Precipitation.Tests.PRISMUnitTests" name="Precipitation.Tests.PRISMUnitTests.MonthlyAggregatedSum(date: &quot;2015-12-01 00&quot;, expected: 246.9)" /></UnitTest><UnitTest name="Precipitation.Tests.NLDASUnitTests.DailyAggregatedSum(hour: 23, date: &quot;2015-01-02 00&quot;, expected: 16.33)" storage="c:\git\hms\precipitation.tests\bin\release\netcoreapp2.0\precipitation.tests.dll" priority="1" id="0c25210a-052a-44ac-a46e-29bc38e0bc46"><Execution id="5c453693-bcfb-4606-a7af-0b8d03b496a1" /><TestMethod codeBase="C:\git\hms\Precipitation.Tests\bin\Release\netcoreapp2.0\Precipitation.Tests.dll" adapterTypeName="executor://xunit/VsTestRunner2/netcoreapp" className="Precipitation.Tests.NLDASUnitTests" name="Precipitation.Tests.NLDASUnitTests.DailyAggregatedSum(hour: 23, date: &quot;2015-01-02 00&quot;, expected: 16.33)" /></UnitTest><UnitTest name="Precipitation.Tests.PRISMUnitTests.WeeklyAggregatedSum(date: &quot;2015-12-24 00&quot;, expected: 126.4)" storage="c:\git\hms\precipitation.tests\bin\release\netcoreapp2.0\precipitation.tests.dll" priority="1" id="04b9e37d-46fc-4a99-b38f-aee2c6651bb4"><Execution id="f0ef40b3-2e14-4a09-b010-84ca2e923d15" /><TestMethod codeBase="C:\git\hms\Precipitation.Tests\bin\Release\netcoreapp2.0\Precipitation.Tests.dll" adapterTypeName="executor://xunit/VsTestRunner2/netcoreapp" className="Precipitation.Tests.PRISMUnitTests" name="Precipitation.Tests.PRISMUnitTests.WeeklyAggregatedSum(date: &quot;2015-12-24 00&quot;, expected: 126.4)" /></UnitTest><UnitTest name="Precipitation.Tests.NLDASUnitTests.MonthlyAggregatedSum(date: &quot;2015-06-01 00&quot;, expected: 73.32)" storage="c:\git\hms\precipitation.tests\bin\release\netcoreapp2.0\precipitation.tests.dll" priority="1" id="487bff90-8c09-455a-b8d1-716c3c899dcc"><Execution id="aaf53afe-f37f-48a1-bc6a-04525d83904c" /><TestMethod codeBase="C:\git\hms\Precipitation.Tests\bin\Release\netcoreapp2.0\Precipitation.Tests.dll" adapterTypeName="executor://xunit/VsTestRunner2/netcoreapp" className="Precipitation.Tests.NLDASUnitTests" name="Precipitation.Tests.NLDASUnitTests.MonthlyAggregatedSum(date: &quot;2015-06-01 00&quot;, expected: 73.32)" /></UnitTest><UnitTest name="Precipitation.Tests.GLDASUnitTests.ConvertToHourly(date: &quot;2015-12-24 07&quot;, expected: 6257)" storage="c:\git\hms\precipitation.tests\bin\release\netcoreapp2.0\precipitation.tests.dll" priority="1" id="b729232c-a98b-4c5d-9d54-2658877d0453"><Execution id="bbd6c98b-1bbd-4d4c-a0ba-88a1ff0fb98e" /><TestMethod codeBase="C:\git\hms\Precipitation.Tests\bin\Release\netcoreapp2.0\Precipitation.Tests.dll" adapterTypeName="executor://xunit/VsTestRunner2/netcoreapp" className="Precipitation.Tests.GLDASUnitTests" name="Precipitation.Tests.GLDASUnitTests.ConvertToHourly(date: &quot;2015-12-24 07&quot;, expected: 6257)" /></UnitTest><UnitTest name="Precipitation.Tests.NCDCUnitTests.CheckStatus" storage="c:\git\hms\precipitation.tests\bin\release\netcoreapp2.0\precipitation.tests.dll" priority="1" id="24f86dc4-760c-4d3c-9a17-9008bbdcb06b"><Execution id="4318b4ba-2c0c-490a-bdf5-dad2507af07a" /><TestMethod codeBase="C:\git\hms\Precipitation.Tests\bin\Release\netcoreapp2.0\Precipitation.Tests.dll" adapterTypeName="executor://xunit/VsTestRunner2/netcoreapp" className="Precipitation.Tests.NCDCUnitTests" name="Precipitation.Tests.NCDCUnitTests.CheckStatus" /></UnitTest><UnitTest name="Precipitation.Tests.NLDASUnitTests.WeeklyAggregatedSum(date: &quot;2015-06-04 00&quot;, expected: 19.4)" storage="c:\git\hms\precipitation.tests\bin\release\netcoreapp2.0\precipitation.tests.dll" priority="1" id="ef58f13d-5448-4cda-91f2-d78c5ca4d93e"><Execution id="7962cd28-22e4-4c62-8b75-ee7b96645250" /><TestMethod codeBase="C:\git\hms\Precipitation.Tests\bin\Release\netcoreapp2.0\Precipitation.Tests.dll" adapterTypeName="executor://xunit/VsTestRunner2/netcoreapp" className="Precipitation.Tests.NLDASUnitTests" name="Precipitation.Tests.NLDASUnitTests.WeeklyAggregatedSum(date: &quot;2015-06-04 00&quot;, expected: 19.4)" /></UnitTest><UnitTest name="Precipitation.Tests.PRISMUnitTests.UnitConversion(modifier: 0, expected: 0)" storage="c:\git\hms\precipitation.tests\bin\release\netcoreapp2.0\precipitation.tests.dll" priority="1" id="2d55f839-6c87-4df3-af11-762934101913"><Execution id="aee16e86-cd9e-4a4c-bcda-224f41fa690d" /><TestMethod codeBase="C:\git\hms\Precipitation.Tests\bin\Release\netcoreapp2.0\Precipitation.Tests.dll" adapterTypeName="executor://xunit/VsTestRunner2/netcoreapp" className="Precipitation.Tests.PRISMUnitTests" name="Precipitation.Tests.PRISMUnitTests.UnitConversion(modifier: 0, expected: 0)" /></UnitTest><UnitTest name="Precipitation.Tests.NLDASUnitTests.UnitConversion(modifier: 0, expected: 0)" storage="c:\git\hms\precipitation.tests\bin\release\netcoreapp2.0\precipitation.tests.dll" priority="1" id="93429c12-d476-4006-b487-af5997e0ef20"><Execution id="5a4bd331-fb34-44f5-ac73-02a8d15d5061" /><TestMethod codeBase="C:\git\hms\Precipitation.Tests\bin\Release\netcoreapp2.0\Precipitation.Tests.dll" adapterTypeName="executor://xunit/VsTestRunner2/netcoreapp" className="Precipitation.Tests.NLDASUnitTests" name="Precipitation.Tests.NLDASUnitTests.UnitConversion(modifier: 0, expected: 0)" /></UnitTest><UnitTest name="Precipitation.Tests.PRISMUnitTests.WeeklyAggregatedSum(date: &quot;2015-06-04 00&quot;, expected: 27.9)" storage="c:\git\hms\precipitation.tests\bin\release\netcoreapp2.0\precipitation.tests.dll" priority="1" id="2bdbeeb7-904d-4be7-a3ce-44b29c065403"><Execution id="395fa241-13a5-4b9a-b2b0-b3ad78eb78d9" /><TestMethod codeBase="C:\git\hms\Precipitation.Tests\bin\Release\netcoreapp2.0\Precipitation.Tests.dll" adapterTypeName="executor://xunit/VsTestRunner2/netcoreapp" className="Precipitation.Tests.PRISMUnitTests" name="Precipitation.Tests.PRISMUnitTests.WeeklyAggregatedSum(date: &quot;2015-06-04 00&quot;, expected: 27.9)" /></UnitTest><UnitTest name="Precipitation.Tests.NLDASUnitTests.CheckStatus" storage="c:\git\hms\precipitation.tests\bin\release\netcoreapp2.0\precipitation.tests.dll" priority="1" id="eb9a1b26-cab4-4805-866e-5b7af3993cf9"><Execution id="d6a19e01-be5e-400d-9721-f56051219c47" /><TestMethod codeBase="C:\git\hms\Precipitation.Tests\bin\Release\netcoreapp2.0\Precipitation.Tests.dll" adapterTypeName="executor://xunit/VsTestRunner2/netcoreapp" className="Precipitation.Tests.NLDASUnitTests" name="Precipitation.Tests.NLDASUnitTests.CheckStatus" /></UnitTest><UnitTest name="Precipitation.Tests.WGENUnitTests.WeeklyAggregatedSum(date: &quot;2015-12-24 00&quot;, expected: 1.266)" storage="c:\git\hms\precipitation.tests\bin\release\netcoreapp2.0\precipitation.tests.dll" priority="1" id="bd453eb1-031f-4d32-afd0-8adbd3a4f8b8"><Execution id="9c9c45e7-04ea-4c96-bbb8-612639068c04" /><TestMethod codeBase="C:\git\hms\Precipitation.Tests\bin\Release\netcoreapp2.0\Precipitation.Tests.dll" adapterTypeName="executor://xunit/VsTestRunner2/netcoreapp" className="Precipitation.Tests.WGENUnitTests" name="Precipitation.Tests.WGENUnitTests.WeeklyAggregatedSum(date: &quot;2015-12-24 00&quot;, expected: 1.266)" /></UnitTest><UnitTest name="Precipitation.Tests.WGENUnitTests.MonthlyAggregatedSum(date: &quot;2015-01-01 00&quot;, expected: 88.85)" storage="c:\git\hms\precipitation.tests\bin\release\netcoreapp2.0\precipitation.tests.dll" priority="1" id="56b92cf3-3f08-4aa6-be49-91a6619cb77f"><Execution id="119f96d4-9181-45fd-9792-c0f0c11fe773" /><TestMethod codeBase="C:\git\hms\Precipitation.Tests\bin\Release\netcoreapp2.0\Precipitation.Tests.dll" adapterTypeName="executor://xunit/VsTestRunner2/netcoreapp" className="Precipitation.Tests.WGENUnitTests" name="Precipitation.Tests.WGENUnitTests.MonthlyAggregatedSum(date: &quot;2015-01-01 00&quot;, expected: 88.85)" /></UnitTest></TestDefinitions><TestEntries><TestEntry testId="39ceb399-f98d-48f2-8a40-45fddb566a5a" executionId="304367ee-afcd-4895-aad9-65277cbb4423" testListId="8c84fa94-04c1-424b-9868-57a2d4851a1d" /><TestEntry testId="d6368284-2dd8-43b6-8402-024e6881432f" executionId="b6390731-5b38-42ec-b936-bc970c85bdd3" testListId="8c84fa94-04c1-424b-9868-57a2d4851a1d" /><TestEntry testId="74e1b19d-159b-4c59-95ff-6b6d20c16529" executionId="e4987ba4-f651-478a-a3ff-88e98463c173" testListId="8c84fa94-04c1-424b-9868-57a2d4851a1d" /><TestEntry testId="9411c458-c980-4d0c-aa0b-778dbe70d63c" executionId="bcffd536-115b-42d2-a8cc-1a3596ea0061" testListId="8c84fa94-04c1-424b-9868-57a2d4851a1d" /><TestEntry testId="40e74951-0f02-4e03-8397-a5130c686237" executionId="8a0732df-a276-4020-9515-7969a6ede88b" testListId="8c84fa94-04c1-424b-9868-57a2d4851a1d" /><TestEntry testId="cf8d6b14-289c-4edb-a46d-8e8d14d9584d" executionId="104f026b-fbb3-4bb2-8b88-98d8c2206efc" testListId="8c84fa94-04c1-424b-9868-57a2d4851a1d" /><TestEntry testId="410baeed-e0ba-4266-87ba-d48ecb1619ce" executionId="f10c922f-7b4a-4e57-a311-fb1d49b87ce6" testListId="8c84fa94-04c1-424b-9868-57a2d4851a1d" /><TestEntry testId="885f448f-3060-446e-a6f7-7a3cec016158" executionId="573f8561-39a6-4b77-a589-6d3422584959" testListId="8c84fa94-04c1-424b-9868-57a2d4851a1d" /><TestEntry testId="8a29616c-1775-47c4-9f4b-eb24cdbcbce3" executionId="521caae3-066a-40b7-bf67-3ac5b3653ee1" testListId="8c84fa94-04c1-424b-9868-57a2d4851a1d" /><TestEntry testId="2bdbeeb7-904d-4be7-a3ce-44b29c065403" executionId="395fa241-13a5-4b9a-b2b0-b3ad78eb78d9" testListId="8c84fa94-04c1-424b-9868-57a2d4851a1d" /><TestEntry testId="70220c3d-aa8b-4fb5-8bdf-26b29f7354de" executionId="c932439a-75ed-4f13-ad1f-c4ff323dca8b" testListId="8c84fa94-04c1-424b-9868-57a2d4851a1d" /><TestEntry testId="58716410-15a8-4758-ab65-ecc5f81c7396" executionId="dbcb3a0e-5678-4a08-9295-280ef47a758d" testListId="8c84fa94-04c1-424b-9868-57a2d4851a1d" /><TestEntry testId="cd99c1bb-affe-406a-bf3c-b68ed4a280bb" executionId="07439ad2-d141-409c-aec6-5792da1de5fb" testListId="8c84fa94-04c1-424b-9868-57a2d4851a1d" /><TestEntry testId="4771a3e2-02c3-4f2a-bd2d-8f3fdc50c474" executionId="01611ce7-c444-4467-92e1-aac9d9621cb8" testListId="8c84fa94-04c1-424b-9868-57a2d4851a1d" /><TestEntry testId="d7e01ed3-e17c-4ae7-b4b7-3e82c4843b07" executionId="033dd8d1-ae8d-440c-8684-48d8e5f7280a" testListId="8c84fa94-04c1-424b-9868-57a2d4851a1d" /><TestEntry testId="0e1bd50d-e9de-41ed-8013-9b1688049fe9" executionId="8d661c4d-c464-4a04-803f-bb06568469a1" testListId="8c84fa94-04c1-424b-9868-57a2d4851a1d" /><TestEntry testId="733a1417-634c-47ff-98ce-791fb1c7c23c" executionId="9706955a-1bac-4eb2-8f83-54cda2f30d51" testListId="8c84fa94-04c1-424b-9868-57a2d4851a1d" /><TestEntry testId="38d4e71f-a90c-4918-9509-029bf3821420" executionId="4bce76c0-5b3f-4846-bd1c-412f9906df47" testListId="8c84fa94-04c1-424b-9868-57a2d4851a1d" /><TestEntry testId="be32cb76-e84c-47f2-bb47-2c4ca7927c78" executionId="41f8b5f2-8129-4162-9a58-0d533892566a" testListId="8c84fa94-04c1-424b-9868-57a2d4851a1d" /><TestEntry testId="9128b395-52ef-46a3-81da-4283a2e870fc" executionId="a9b5d565-c512-451f-8073-22b0c5b86bb8" testListId="8c84fa94-04c1-424b-9868-57a2d4851a1d" /><TestEntry testId="56b92cf3-3f08-4aa6-be49-91a6619cb77f" executionId="119f96d4-9181-45fd-9792-c0f0c11fe773" testListId="8c84fa94-04c1-424b-9868-57a2d4851a1d" /><TestEntry testId="7592f98b-a179-4977-a09e-8a5ac0c0c46d" executionId="6a604f00-e2ca-44b3-a4c5-b48300434632" testListId="8c84fa94-04c1-424b-9868-57a2d4851a1d" /><TestEntry testId="04b9e37d-46fc-4a99-b38f-aee2c6651bb4" executionId="f0ef40b3-2e14-4a09-b010-84ca2e923d15" testListId="8c84fa94-04c1-424b-9868-57a2d4851a1d" /><TestEntry testId="b53dfc38-7fc8-4cdc-bc42-ed86859f6015" executionId="76139f2c-c8bc-4a5c-96c3-a6cdbd9fcfd6" testListId="8c84fa94-04c1-424b-9868-57a2d4851a1d" /><TestEntry testId="be498ae2-7960-4c16-92dd-95d1698d72b3" executionId="c56ee80e-57a6-4b61-92e6-5e06ae416724" testListId="8c84fa94-04c1-424b-9868-57a2d4851a1d" /><TestEntry testId="4489ea69-e4c3-4d38-931d-506714398c71" executionId="fdad62a7-d4dd-4fd6-9c99-410424e33827" testListId="8c84fa94-04c1-424b-9868-57a2d4851a1d" /><TestEntry testId="1a50177d-0449-4423-a546-91fbd07e8dcc" executionId="d9967aa1-488b-48e1-9f14-7756e7efe20f" testListId="8c84fa94-04c1-424b-9868-57a2d4851a1d" /><TestEntry testId="93429c12-d476-4006-b487-af5997e0ef20" executionId="5a4bd331-fb34-44f5-ac73-02a8d15d5061" testListId="8c84fa94-04c1-424b-9868-57a2d4851a1d" /><TestEntry testId="ef58f13d-5448-4cda-91f2-d78c5ca4d93e" executionId="7962cd28-22e4-4c62-8b75-ee7b96645250" testListId="8c84fa94-04c1-424b-9868-57a2d4851a1d" /><TestEntry testId="0c25210a-052a-44ac-a46e-29bc38e0bc46" executionId="5c453693-bcfb-4606-a7af-0b8d03b496a1" testListId="8c84fa94-04c1-424b-9868-57a2d4851a1d" /><TestEntry testId="24f86dc4-760c-4d3c-9a17-9008bbdcb06b" executionId="4318b4ba-2c0c-490a-bdf5-dad2507af07a" testListId="8c84fa94-04c1-424b-9868-57a2d4851a1d" /><TestEntry testId="6f0e8e2e-e061-4b9e-b497-09f8bf2ce5d3" executionId="4d4e8203-b687-4c8f-9e60-b1f69e9156d0" testListId="8c84fa94-04c1-424b-9868-57a2d4851a1d" /><TestEntry testId="823ab16e-66a0-4f16-b3b7-9b16f3187c25" executionId="5043997d-b791-43cf-9d69-345a98eadc0d" testListId="8c84fa94-04c1-424b-9868-57a2d4851a1d" /><TestEntry testId="2d55f839-6c87-4df3-af11-762934101913" executionId="aee16e86-cd9e-4a4c-bcda-224f41fa690d" testListId="8c84fa94-04c1-424b-9868-57a2d4851a1d" /><TestEntry testId="eb9a1b26-cab4-4805-866e-5b7af3993cf9" executionId="d6a19e01-be5e-400d-9721-f56051219c47" testListId="8c84fa94-04c1-424b-9868-57a2d4851a1d" /><TestEntry testId="97dec483-e3be-434a-9372-ceae1a767e44" executionId="e14f11f6-9a02-43d0-9f39-9f2ab21655cb" testListId="8c84fa94-04c1-424b-9868-57a2d4851a1d" /><TestEntry testId="424c1bce-a2b1-4145-8979-4601ab9157c4" executionId="84e053c6-aef6-4056-99ae-89abf3e8c3a5" testListId="8c84fa94-04c1-424b-9868-57a2d4851a1d" /><TestEntry testId="bd453eb1-031f-4d32-afd0-8adbd3a4f8b8" executionId="9c9c45e7-04ea-4c96-bbb8-612639068c04" testListId="8c84fa94-04c1-424b-9868-57a2d4851a1d" /><TestEntry testId="487bff90-8c09-455a-b8d1-716c3c899dcc" executionId="aaf53afe-f37f-48a1-bc6a-04525d83904c" testListId="8c84fa94-04c1-424b-9868-57a2d4851a1d" /><TestEntry testId="b729232c-a98b-4c5d-9d54-2658877d0453" executionId="bbd6c98b-1bbd-4d4c-a0ba-88a1ff0fb98e" testListId="8c84fa94-04c1-424b-9868-57a2d4851a1d" /></TestEntries><TestLists><TestList name="Results Not in a List" id="8c84fa94-04c1-424b-9868-57a2d4851a1d" /><TestList name="All Loaded Results" id="19431567-8539-422a-85d7-44ee4e166bda" /></TestLists><ResultSummary outcome="Completed"><Counters total="40" executed="40" passed="40" failed="0" error="0" timeout="0" aborted="0" inconclusive="0" passedButRunAborted="0" notRunnable="0" notExecuted="0" disconnected="0" warning="0" completed="0" inProgress="0" pending="0" /><Output><StdOut>[xUnit.net 00:00:04.5391275]   Discovering: Precipitation.Tests[xUnit.net 00:00:05.0526518]   Discovered:  Precipitation.Tests[xUnit.net 00:00:05.0886701]   Starting:    Precipitation.Tests[xUnit.net 00:01:00.0782389]   Finished:    Precipitation.Tests</StdOut></Output></ResultSummary></TestRun>